<?xml version="1.0" encoding="UTF-8"?>
<testsuite name="com.sebas.platzichallenge.features.search.ui.SearchMovieViewModelTest" tests="8" skipped="0" failures="0" errors="0" timestamp="2025-05-30T18:07:10" hostname="MacBook-Pro-de-Sebastian.local" time="1.15">
  <properties/>
  <testcase name="saveFavoriteEmitsLoadingThenSuccessAndUpdatesSnackBarMessage" classname="com.sebas.platzichallenge.features.search.ui.SearchMovieViewModelTest" time="1.118"/>
  <testcase name="toggleFavoriteCallsDeleteWhenAlreadyFavorite" classname="com.sebas.platzichallenge.features.search.ui.SearchMovieViewModelTest" time="0.013"/>
  <testcase name="isUpdateFavoriteMovieSetsFlagsAndPendingMovie" classname="com.sebas.platzichallenge.features.search.ui.SearchMovieViewModelTest" time="0.002"/>
  <testcase name="whenCallOnQueryChangedThenShouldUpUiStateWithNewValue" classname="com.sebas.platzichallenge.features.search.ui.SearchMovieViewModelTest" time="0.001"/>
  <testcase name="deleteFavoriteEmitsLoadingThenErrorAndUpdatesSnackBarMessage" classname="com.sebas.platzichallenge.features.search.ui.SearchMovieViewModelTest" time="0.004"/>
  <testcase name="deleteFavoriteEmitsLoadingThenSuccessAndUpdatesSnackBarMessage" classname="com.sebas.platzichallenge.features.search.ui.SearchMovieViewModelTest" time="0.005"/>
  <testcase name="onUpdateShowModalCategoryTogglesIsShowModalCategory" classname="com.sebas.platzichallenge.features.search.ui.SearchMovieViewModelTest" time="0.001"/>
  <testcase name="saveFavoriteEmitsLoadingThenErrorAndUpdatesSnackBarMessage" classname="com.sebas.platzichallenge.features.search.ui.SearchMovieViewModelTest" time="0.005"/>
  <system-out><![CDATA[]]></system-out>
  <system-err><![CDATA[WARNING: A Java agent has been loaded dynamically (/Users/sebastianvalero/.gradle/caches/modules-2/files-2.1/net.bytebuddy/byte-buddy-agent/1.14.6/46e2545d7a97b6ccb195621650c5957279eb4812/byte-buddy-agent-1.14.6.jar)
WARNING: If a serviceability tool is in use, please run with -XX:+EnableDynamicAgentLoading to hide this warning
WARNING: If a serviceability tool is not in use, please run with -Djdk.instrument.traceUsage for more information
WARNING: Dynamic loading of agents will be disallowed by default in a future release
]]></system-err>
</testsuite>
